TN:
SF:contracts/core/BasePausable.sol
FN:25,BasePausable.__BasePausable__init
FNDA:0,BasePausable.__BasePausable__init
DA:26,6
BRDA:26,0,0,-
BRDA:26,0,1,6
DA:28,6
DA:29,6
FN:32,BasePausable.isOwner
FNDA:0,BasePausable.isOwner
DA:33,6
FNF:2
FNH:0
LF:4
LH:4
BRF:2
BRH:1
end_of_record
TN:
SF:contracts/core/IgnitionFactory.sol
FN:43,IgnitionFactory.initialize
FNDA:6,IgnitionFactory.initialize
DA:47,5
DA:48,5
DA:49,5
FN:57,IgnitionFactory.setPoolImplementation
FNDA:3,IgnitionFactory.setPoolImplementation
DA:60,2
DA:61,1
DA:62,1
DA:63,1
FN:74,IgnitionFactory.setVestingImplementation
FNDA:3,IgnitionFactory.setVestingImplementation
DA:77,2
DA:78,1
DA:79,1
DA:80,1
FN:149,IgnitionFactory.createPool
FNDA:1,IgnitionFactory.createPool
DA:154,1
DA:158,1
DA:159,1
DA:161,1
DA:163,1
DA:165,1
FN:168,IgnitionFactory.createVesting
FNDA:1,IgnitionFactory.createVesting
DA:169,1
DA:170,1
DA:171,1
FN:176,IgnitionFactory.getLockupDuration
FNDA:1,IgnitionFactory.getLockupDuration
DA:177,1
FN:186,IgnitionFactory._validAddress
FNDA:4,IgnitionFactory._validAddress
DA:187,4
BRDA:187,0,0,2
BRDA:187,0,1,2
FNF:7
FNH:7
LF:22
LH:22
BRF:2
BRH:2
end_of_record
TN:
SF:contracts/core/Pool.sol
FN:124,Pool.initialize
FNDA:1,Pool.initialize
DA:129,1
DA:130,1
DA:132,1
DA:134,1
DA:143,1
DA:146,1
DA:147,1
DA:150,1
DA:151,1
DA:152,1
DA:157,1
DA:158,1
DA:159,1
DA:161,1
DA:164,1
DA:170,1
DA:171,1
DA:174,1
DA:179,1
DA:180,1
DA:183,1
FN:201,Pool.setRoot
FNDA:0,Pool.setRoot
DA:202,0
DA:203,0
FN:210,Pool.cancelPool
FNDA:0,Pool.cancelPool
DA:211,0
DA:212,0
BRDA:212,0,0,-
BRDA:212,0,1,-
DA:213,0
BRDA:213,1,0,-
BRDA:213,1,1,-
DA:218,0
DA:220,0
DA:221,0
DA:222,0
FN:231,Pool.updateTime
FNDA:0,Pool.updateTime
DA:235,0
DA:236,0
BRDA:236,2,0,-
BRDA:236,2,1,-
DA:243,0
DA:244,0
DA:246,0
FN:254,Pool.updateTGEDate
FNDA:0,Pool.updateTGEDate
DA:257,0
BRDA:257,3,0,-
BRDA:257,3,1,-
DA:258,0
FN:268,Pool.buyTokenInGalaxyPool
FNDA:0,Pool.buyTokenInGalaxyPool
DA:273,0
BRDA:273,4,0,-
BRDA:273,4,1,-
DA:275,0
DA:276,0
DA:280,0
DA:287,0
FN:296,Pool.buyTokenInCrowdfundingPool
FNDA:0,Pool.buyTokenInCrowdfundingPool
DA:300,0
DA:301,0
BRDA:301,5,0,-
BRDA:301,5,1,-
DA:302,0
DA:303,0
DA:310,0
DA:311,0
DA:314,0
BRDA:314,6,0,-
BRDA:314,6,1,-
DA:316,0
DA:317,0
FN:320,Pool.setClaimableStatus
FNDA:0,Pool.setClaimableStatus
DA:321,0
BRDA:321,7,0,-
BRDA:321,7,1,-
DA:322,0
BRDA:322,8,0,-
BRDA:322,8,1,-
DA:327,0
FN:330,Pool.fundIDOToken
FNDA:0,Pool.fundIDOToken
DA:334,0
DA:336,0
DA:338,0
BRDA:338,9,0,-
BRDA:338,9,1,-
DA:339,0
DA:340,0
DA:342,0
BRDA:342,10,0,-
BRDA:342,10,1,-
DA:347,0
DA:348,0
DA:349,0
DA:357,0
DA:358,0
FN:361,Pool.withdrawRedundantIDOToken
FNDA:0,Pool.withdrawRedundantIDOToken
DA:364,0
DA:367,0
DA:368,0
BRDA:368,11,0,-
BRDA:368,11,1,-
DA:369,0
DA:371,0
DA:372,0
BRDA:372,12,0,-
BRDA:372,12,1,-
DA:376,0
DA:380,0
FN:385,Pool.claimTokenFee
FNDA:0,Pool.claimTokenFee
DA:396,0
BRDA:396,13,0,-
BRDA:396,13,1,-
DA:400,0
DA:403,0
DA:404,0
DA:406,0
FN:411,Pool.claimParticipationFee
FNDA:0,Pool.claimParticipationFee
DA:422,0
BRDA:422,14,0,-
BRDA:422,14,1,-
DA:426,0
DA:427,0
DA:429,0
FN:434,Pool.withdrawPurchasedAmount
FNDA:0,Pool.withdrawPurchasedAmount
DA:437,0
DA:438,0
DA:439,0
DA:440,0
DA:442,0
BRDA:442,15,0,-
BRDA:442,15,1,-
DA:443,0
BRDA:443,16,0,-
BRDA:443,16,1,-
DA:449,0
DA:450,0
DA:452,0
FN:455,Pool.claimFund
FNDA:0,Pool.claimFund
DA:466,0
BRDA:466,17,0,-
BRDA:466,17,1,-
DA:470,0
DA:471,0
BRDA:471,18,0,-
BRDA:471,18,1,-
DA:473,0
DA:477,0
DA:479,0
DA:481,0
FN:486,Pool.isFailBeforeTGEDate
FNDA:0,Pool.isFailBeforeTGEDate
DA:487,0
DA:488,0
FN:497,Pool.getIDOTokenAmountByOfferedCurrency
FNDA:0,Pool.getIDOTokenAmountByOfferedCurrency
DA:500,0
DA:501,0
FN:504,Pool.getClaimableFundAmount
FNDA:0,Pool.getClaimableFundAmount
DA:505,0
DA:507,0
DA:508,0
DA:514,0
DA:516,0
DA:517,0
FN:530,Pool._createAndSetVesting
FNDA:1,Pool._createAndSetVesting
DA:538,1
DA:539,1
DA:540,1
FN:551,Pool._verifyFundAllowanceSignature
FNDA:0,Pool._verifyFundAllowanceSignature
DA:555,0
DA:556,0
DA:557,0
DA:573,0
FN:584,Pool._internalWhaleBuyToken
FNDA:0,Pool._internalWhaleBuyToken
DA:591,0
DA:598,0
BRDA:598,19,0,-
BRDA:598,19,1,-
DA:599,0
DA:606,0
DA:609,0
DA:617,0
BRDA:617,20,0,-
BRDA:617,20,1,-
DA:619,0
FN:633,Pool._internalNormalUserBuyToken
FNDA:0,Pool._internalNormalUserBuyToken
DA:637,0
DA:638,0
DA:645,0
BRDA:645,21,0,-
BRDA:645,21,1,-
DA:646,0
DA:653,0
DA:656,0
DA:664,0
BRDA:664,22,0,-
BRDA:664,22,1,-
DA:666,0
FN:683,Pool._internalBuyToken
FNDA:0,Pool._internalBuyToken
DA:690,0
BRDA:690,23,0,-
BRDA:690,23,1,-
DA:691,0
BRDA:691,24,0,-
BRDA:691,24,1,-
DA:697,0
BRDA:697,25,0,-
BRDA:697,25,1,-
DA:704,0
DA:708,0
DA:709,0
DA:711,0
DA:714,0
DA:716,0
FN:719,Pool._handlePurchaseTokenFund
FNDA:0,Pool._handlePurchaseTokenFund
DA:723,0
DA:724,0
FN:727,Pool._handleParticipationFee
FNDA:0,Pool._handleParticipationFee
DA:731,0
BRDA:731,26,0,-
BRDA:731,26,1,-
DA:732,0
DA:733,0
FN:737,Pool._forwardParticipationFee
FNDA:0,Pool._forwardParticipationFee
DA:741,0
FN:748,Pool._updateParticipationFee
FNDA:0,Pool._updateParticipationFee
DA:752,0
DA:753,0
FN:760,Pool._updatePurchasingInGalaxyPoolState
FNDA:0,Pool._updatePurchasingInGalaxyPoolState
DA:761,0
FN:768,Pool._updatePurchasingInEarlyAccessState
FNDA:0,Pool._updatePurchasingInEarlyAccessState
DA:771,0
FN:778,Pool._updatePurchasingState
FNDA:0,Pool._updatePurchasingState
DA:782,0
DA:783,0
FN:791,Pool._forwardPurchaseTokenFunds
FNDA:0,Pool._forwardPurchaseTokenFunds
DA:795,0
FN:798,Pool._forwardToken
FNDA:0,Pool._forwardToken
DA:804,0
FN:811,Pool._preValidatePurchaseInEarlyAccess
FNDA:0,Pool._preValidatePurchaseInEarlyAccess
DA:814,0
DA:815,0
BRDA:815,27,0,-
BRDA:815,27,1,-
FN:826,Pool._preValidatePurchase
FNDA:0,Pool._preValidatePurchase
DA:827,0
DA:828,0
BRDA:828,28,0,-
BRDA:828,28,1,-
FN:838,Pool._validWhaleSession
FNDA:0,Pool._validWhaleSession
DA:839,0
DA:840,0
FN:848,Pool._validCommunitySession
FNDA:0,Pool._validCommunitySession
DA:849,0
DA:850,0
FN:859,Pool._verifyAllowance
FNDA:0,Pool._verifyAllowance
DA:863,0
DA:864,0
BRDA:864,29,0,-
BRDA:864,29,1,-
FN:872,Pool._preValidatePurchaseInGalaxyPool
FNDA:0,Pool._preValidatePurchaseInGalaxyPool
DA:876,0
DA:877,0
BRDA:877,30,0,-
BRDA:877,30,1,-
FNF:37
FNH:2
LF:165
LH:24
BRF:62
BRH:0
end_of_record
TN:
SF:contracts/core/Vesting.sol
FN:58,Vesting.initialize
FNDA:1,Vesting.initialize
DA:67,1
DA:68,1
DA:69,1
DA:70,1
DA:71,1
DA:72,1
DA:73,1
DA:74,1
DA:76,1
DA:77,1
FN:80,Vesting.createVestingSchedule
FNDA:0,Vesting.createVestingSchedule
DA:84,0
BRDA:84,0,0,-
BRDA:84,0,1,-
DA:86,0
FN:89,Vesting.setIDOToken
FNDA:0,Vesting.setIDOToken
DA:90,0
DA:91,0
FN:94,Vesting.setFundedStatus
FNDA:0,Vesting.setFundedStatus
DA:95,0
DA:96,0
FN:99,Vesting.setClaimableStatus
FNDA:0,Vesting.setClaimableStatus
DA:100,0
DA:101,0
FN:104,Vesting.setEmergencyCancelled
FNDA:0,Vesting.setEmergencyCancelled
DA:105,0
DA:106,0
FN:109,Vesting.updateTGEDate
FNDA:0,Vesting.updateTGEDate
DA:110,0
DA:111,0
FN:114,Vesting.claimIDOToken
FNDA:0,Vesting.claimIDOToken
DA:117,0
DA:118,0
BRDA:118,1,0,-
BRDA:118,1,1,-
DA:122,0
DA:123,0
BRDA:123,2,0,-
BRDA:123,2,1,-
DA:125,0
DA:128,0
DA:130,0
DA:132,0
FN:135,Vesting.withdrawRedundantIDOToken
FNDA:0,Vesting.withdrawRedundantIDOToken
DA:139,0
BRDA:139,3,0,-
BRDA:139,3,1,-
DA:140,0
DA:142,0
FN:145,Vesting.getIDOToken
FNDA:0,Vesting.getIDOToken
DA:146,0
FN:149,Vesting.getVestingInfo
FNDA:0,Vesting.getVestingInfo
DA:154,0
FN:165,Vesting.isClaimable
FNDA:0,Vesting.isClaimable
DA:166,0
FN:169,Vesting.isFunded
FNDA:0,Vesting.isFunded
DA:170,0
FN:173,Vesting.getClaimableAmount
FNDA:0,Vesting.getClaimableAmount
DA:174,0
DA:175,0
DA:176,0
FN:187,Vesting.isEmergencyCancelled
FNDA:0,Vesting.isEmergencyCancelled
DA:188,0
FNF:15
FNH:1
LF:41
LH:10
BRF:8
BRH:0
end_of_record
TN:
SF:contracts/extensions/IgnitionList.sol
FN:9,IgnitionList._verifyUser
FNDA:0,IgnitionList._verifyUser
DA:17,0
DA:25,0
FNF:1
FNH:0
LF:2
LH:0
BRF:0
BRH:0
end_of_record
TN:
SF:contracts/libraries/Clones.sol
FN:25,Clones.clone
FNDA:1,Clones.clone
DA:38,1
DA:40,1
BRDA:40,0,0,-
BRDA:40,0,1,1
FN:50,Clones.cloneDeterministic
FNDA:1,Clones.cloneDeterministic
DA:66,1
DA:68,1
BRDA:68,1,0,-
BRDA:68,1,1,1
FN:74,Clones.predictDeterministicAddress
FNDA:0,Clones.predictDeterministicAddress
DA:94,0
FN:101,Clones.predictDeterministicAddress
FNDA:0,Clones.predictDeterministicAddress
DA:105,0
FNF:4
FNH:2
LF:6
LH:4
BRF:4
BRH:2
end_of_record
TN:
SF:contracts/libraries/ECDSA.sol
FN:23,ECDSA._throwError
FNDA:0,ECDSA._throwError
DA:24,0
BRDA:24,0,0,-
BRDA:24,0,1,-
DA:25,0
DA:26,0
BRDA:26,1,0,-
BRDA:26,1,1,-
DA:27,0
DA:28,0
BRDA:28,2,0,-
BRDA:28,2,1,-
DA:29,0
DA:30,0
BRDA:30,3,0,-
BRDA:30,3,1,-
DA:31,0
DA:32,0
BRDA:32,4,0,-
BRDA:32,4,1,-
DA:33,0
FN:57,ECDSA.tryRecover
FNDA:0,ECDSA.tryRecover
DA:61,0
BRDA:61,5,0,-
BRDA:61,5,1,-
DA:62,0
DA:63,0
DA:64,0
DA:69,0
DA:70,0
DA:71,0
DA:73,0
DA:75,0
FN:93,ECDSA.recover
FNDA:0,ECDSA.recover
DA:97,0
DA:98,0
DA:99,0
FN:109,ECDSA.tryRecover
FNDA:0,ECDSA.tryRecover
DA:114,0
DA:118,0
DA:119,0
FN:127,ECDSA.recover
FNDA:0,ECDSA.recover
DA:132,0
DA:133,0
DA:134,0
FN:143,ECDSA.tryRecover
FNDA:0,ECDSA.tryRecover
DA:159,0
BRDA:158,6,0,-
BRDA:158,6,1,-
DA:162,0
DA:164,0
BRDA:164,7,0,-
BRDA:164,7,1,-
DA:165,0
DA:169,0
DA:170,0
BRDA:170,8,0,-
BRDA:170,8,1,-
DA:171,0
DA:174,0
FN:181,ECDSA.recover
FNDA:0,ECDSA.recover
DA:187,0
DA:188,0
DA:189,0
FN:200,ECDSA.toEthSignedMessageHash
FNDA:0,ECDSA.toEthSignedMessageHash
DA:205,0
DA:206,0
FN:219,ECDSA.toEthSignedMessageHash
FNDA:0,ECDSA.toEthSignedMessageHash
DA:222,0
DA:223,0
FN:241,ECDSA.toTypedDataHash
FNDA:0,ECDSA.toTypedDataHash
DA:245,0
DA:246,0
FNF:10
FNH:0
LF:45
LH:0
BRF:18
BRH:0
end_of_record
TN:
SF:contracts/libraries/MerkleProof.sol
FN:27,MerkleProof.verify
FNDA:0,MerkleProof.verify
DA:32,0
FN:40,MerkleProof.verifyCalldata
FNDA:0,MerkleProof.verifyCalldata
DA:45,0
FN:56,MerkleProof.processProof
FNDA:0,MerkleProof.processProof
DA:60,0
DA:61,0
DA:62,0
DA:64,0
FN:72,MerkleProof.processProofCalldata
FNDA:0,MerkleProof.processProofCalldata
DA:76,0
DA:77,0
DA:78,0
DA:80,0
FN:89,MerkleProof.multiProofVerify
FNDA:0,MerkleProof.multiProofVerify
DA:95,0
FN:103,MerkleProof.multiProofVerifyCalldata
FNDA:0,MerkleProof.multiProofVerifyCalldata
DA:109,0
FN:119,MerkleProof.processMultiProof
FNDA:0,MerkleProof.processMultiProof
DA:128,0
DA:129,0
DA:132,0
BRDA:132,0,0,-
BRDA:132,0,1,-
DA:139,0
DA:140,0
DA:141,0
DA:142,0
DA:148,0
DA:149,0
DA:152,0
DA:155,0
DA:158,0
BRDA:158,1,0,-
BRDA:158,1,1,-
DA:159,0
DA:160,0
BRDA:160,2,0,-
BRDA:160,2,1,-
DA:161,0
DA:163,0
FN:172,MerkleProof.processMultiProofCalldata
FNDA:0,MerkleProof.processMultiProofCalldata
DA:181,0
DA:182,0
DA:185,0
BRDA:185,3,0,-
BRDA:185,3,1,-
DA:192,0
DA:193,0
DA:194,0
DA:195,0
DA:201,0
DA:202,0
DA:205,0
DA:208,0
DA:211,0
BRDA:211,4,0,-
BRDA:211,4,1,-
DA:212,0
DA:213,0
BRDA:213,5,0,-
BRDA:213,5,1,-
DA:214,0
DA:216,0
FN:220,MerkleProof._hashPair
FNDA:0,MerkleProof._hashPair
DA:221,0
FN:224,MerkleProof._efficientHash
FNDA:0,MerkleProof._efficientHash
DA:232,0
FNF:10
FNH:0
LF:46
LH:0
BRF:12
BRH:0
end_of_record
TN:
SF:contracts/libraries/SafeCast.sol
FN:34,SafeCast.toUint248
FNDA:0,SafeCast.toUint248
DA:35,0
BRDA:35,0,0,-
BRDA:35,0,1,-
DA:39,0
FN:54,SafeCast.toUint240
FNDA:0,SafeCast.toUint240
DA:55,0
BRDA:55,1,0,-
BRDA:55,1,1,-
DA:59,0
FN:74,SafeCast.toUint232
FNDA:0,SafeCast.toUint232
DA:75,0
BRDA:75,2,0,-
BRDA:75,2,1,-
DA:79,0
FN:94,SafeCast.toUint224
FNDA:0,SafeCast.toUint224
DA:95,0
BRDA:95,3,0,-
BRDA:95,3,1,-
DA:99,0
FN:114,SafeCast.toUint216
FNDA:0,SafeCast.toUint216
DA:115,0
BRDA:115,4,0,-
BRDA:115,4,1,-
DA:119,0
FN:134,SafeCast.toUint208
FNDA:0,SafeCast.toUint208
DA:135,0
BRDA:135,5,0,-
BRDA:135,5,1,-
DA:139,0
FN:154,SafeCast.toUint200
FNDA:0,SafeCast.toUint200
DA:155,0
BRDA:155,6,0,-
BRDA:155,6,1,-
DA:159,0
FN:174,SafeCast.toUint192
FNDA:0,SafeCast.toUint192
DA:175,0
BRDA:175,7,0,-
BRDA:175,7,1,-
DA:179,0
FN:194,SafeCast.toUint184
FNDA:0,SafeCast.toUint184
DA:195,0
BRDA:195,8,0,-
BRDA:195,8,1,-
DA:199,0
FN:214,SafeCast.toUint176
FNDA:0,SafeCast.toUint176
DA:215,0
BRDA:215,9,0,-
BRDA:215,9,1,-
DA:219,0
FN:234,SafeCast.toUint168
FNDA:0,SafeCast.toUint168
DA:235,0
BRDA:235,10,0,-
BRDA:235,10,1,-
DA:239,0
FN:254,SafeCast.toUint160
FNDA:0,SafeCast.toUint160
DA:255,0
BRDA:255,11,0,-
BRDA:255,11,1,-
DA:259,0
FN:274,SafeCast.toUint152
FNDA:0,SafeCast.toUint152
DA:275,0
BRDA:275,12,0,-
BRDA:275,12,1,-
DA:279,0
FN:294,SafeCast.toUint144
FNDA:0,SafeCast.toUint144
DA:295,0
BRDA:295,13,0,-
BRDA:295,13,1,-
DA:299,0
FN:314,SafeCast.toUint136
FNDA:0,SafeCast.toUint136
DA:315,0
BRDA:315,14,0,-
BRDA:315,14,1,-
DA:319,0
FN:334,SafeCast.toUint128
FNDA:0,SafeCast.toUint128
DA:335,0
BRDA:335,15,0,-
BRDA:335,15,1,-
DA:339,0
FN:354,SafeCast.toUint120
FNDA:0,SafeCast.toUint120
DA:355,0
BRDA:355,16,0,-
BRDA:355,16,1,-
DA:359,0
FN:374,SafeCast.toUint112
FNDA:0,SafeCast.toUint112
DA:375,0
BRDA:375,17,0,-
BRDA:375,17,1,-
DA:379,0
FN:394,SafeCast.toUint104
FNDA:0,SafeCast.toUint104
DA:395,0
BRDA:395,18,0,-
BRDA:395,18,1,-
DA:399,0
FN:414,SafeCast.toUint96
FNDA:0,SafeCast.toUint96
DA:415,0
BRDA:415,19,0,-
BRDA:415,19,1,-
DA:419,0
FN:434,SafeCast.toUint88
FNDA:0,SafeCast.toUint88
DA:435,0
BRDA:435,20,0,-
BRDA:435,20,1,-
DA:439,0
FN:454,SafeCast.toUint80
FNDA:0,SafeCast.toUint80
DA:455,0
BRDA:455,21,0,-
BRDA:455,21,1,-
DA:459,0
FN:474,SafeCast.toUint72
FNDA:0,SafeCast.toUint72
DA:475,0
BRDA:475,22,0,-
BRDA:475,22,1,-
DA:479,0
FN:494,SafeCast.toUint64
FNDA:0,SafeCast.toUint64
DA:495,0
BRDA:495,23,0,-
BRDA:495,23,1,-
DA:499,0
FN:514,SafeCast.toUint56
FNDA:0,SafeCast.toUint56
DA:515,0
BRDA:515,24,0,-
BRDA:515,24,1,-
DA:519,0
FN:534,SafeCast.toUint48
FNDA:0,SafeCast.toUint48
DA:535,0
BRDA:535,25,0,-
BRDA:535,25,1,-
DA:539,0
FN:554,SafeCast.toUint40
FNDA:0,SafeCast.toUint40
DA:555,0
BRDA:555,26,0,-
BRDA:555,26,1,-
DA:559,0
FN:574,SafeCast.toUint32
FNDA:0,SafeCast.toUint32
DA:575,0
BRDA:575,27,0,-
BRDA:575,27,1,-
DA:579,0
FN:594,SafeCast.toUint24
FNDA:0,SafeCast.toUint24
DA:595,0
BRDA:595,28,0,-
BRDA:595,28,1,-
DA:599,0
FN:614,SafeCast.toUint16
FNDA:0,SafeCast.toUint16
DA:615,0
BRDA:615,29,0,-
BRDA:615,29,1,-
DA:619,0
FN:634,SafeCast.toUint8
FNDA:0,SafeCast.toUint8
DA:635,0
BRDA:635,30,0,-
BRDA:635,30,1,-
DA:639,0
FN:651,SafeCast.toUint256
FNDA:0,SafeCast.toUint256
DA:652,0
BRDA:652,31,0,-
BRDA:652,31,1,-
DA:653,0
FN:669,SafeCast.toInt248
FNDA:0,SafeCast.toInt248
DA:670,0
BRDA:670,32,0,-
BRDA:670,32,1,-
DA:674,0
FN:690,SafeCast.toInt240
FNDA:0,SafeCast.toInt240
DA:691,0
BRDA:691,33,0,-
BRDA:691,33,1,-
DA:695,0
FN:711,SafeCast.toInt232
FNDA:0,SafeCast.toInt232
DA:712,0
BRDA:712,34,0,-
BRDA:712,34,1,-
DA:716,0
FN:732,SafeCast.toInt224
FNDA:0,SafeCast.toInt224
DA:733,0
BRDA:733,35,0,-
BRDA:733,35,1,-
DA:737,0
FN:753,SafeCast.toInt216
FNDA:0,SafeCast.toInt216
DA:754,0
BRDA:754,36,0,-
BRDA:754,36,1,-
DA:758,0
FN:774,SafeCast.toInt208
FNDA:0,SafeCast.toInt208
DA:775,0
BRDA:775,37,0,-
BRDA:775,37,1,-
DA:779,0
FN:795,SafeCast.toInt200
FNDA:0,SafeCast.toInt200
DA:796,0
BRDA:796,38,0,-
BRDA:796,38,1,-
DA:800,0
FN:816,SafeCast.toInt192
FNDA:0,SafeCast.toInt192
DA:817,0
BRDA:817,39,0,-
BRDA:817,39,1,-
DA:821,0
FN:837,SafeCast.toInt184
FNDA:0,SafeCast.toInt184
DA:838,0
BRDA:838,40,0,-
BRDA:838,40,1,-
DA:842,0
FN:858,SafeCast.toInt176
FNDA:0,SafeCast.toInt176
DA:859,0
BRDA:859,41,0,-
BRDA:859,41,1,-
DA:863,0
FN:879,SafeCast.toInt168
FNDA:0,SafeCast.toInt168
DA:880,0
BRDA:880,42,0,-
BRDA:880,42,1,-
DA:884,0
FN:900,SafeCast.toInt160
FNDA:0,SafeCast.toInt160
DA:901,0
BRDA:901,43,0,-
BRDA:901,43,1,-
DA:905,0
FN:921,SafeCast.toInt152
FNDA:0,SafeCast.toInt152
DA:922,0
BRDA:922,44,0,-
BRDA:922,44,1,-
DA:926,0
FN:942,SafeCast.toInt144
FNDA:0,SafeCast.toInt144
DA:943,0
BRDA:943,45,0,-
BRDA:943,45,1,-
DA:947,0
FN:963,SafeCast.toInt136
FNDA:0,SafeCast.toInt136
DA:964,0
BRDA:964,46,0,-
BRDA:964,46,1,-
DA:968,0
FN:984,SafeCast.toInt128
FNDA:0,SafeCast.toInt128
DA:985,0
BRDA:985,47,0,-
BRDA:985,47,1,-
DA:989,0
FN:1005,SafeCast.toInt120
FNDA:0,SafeCast.toInt120
DA:1006,0
BRDA:1006,48,0,-
BRDA:1006,48,1,-
DA:1010,0
FN:1026,SafeCast.toInt112
FNDA:0,SafeCast.toInt112
DA:1027,0
BRDA:1027,49,0,-
BRDA:1027,49,1,-
DA:1031,0
FN:1047,SafeCast.toInt104
FNDA:0,SafeCast.toInt104
DA:1048,0
BRDA:1048,50,0,-
BRDA:1048,50,1,-
DA:1052,0
FN:1068,SafeCast.toInt96
FNDA:0,SafeCast.toInt96
DA:1069,0
BRDA:1069,51,0,-
BRDA:1069,51,1,-
DA:1073,0
FN:1089,SafeCast.toInt88
FNDA:0,SafeCast.toInt88
DA:1090,0
BRDA:1090,52,0,-
BRDA:1090,52,1,-
DA:1094,0
FN:1110,SafeCast.toInt80
FNDA:0,SafeCast.toInt80
DA:1111,0
BRDA:1111,53,0,-
BRDA:1111,53,1,-
DA:1115,0
FN:1131,SafeCast.toInt72
FNDA:0,SafeCast.toInt72
DA:1132,0
BRDA:1132,54,0,-
BRDA:1132,54,1,-
DA:1136,0
FN:1152,SafeCast.toInt64
FNDA:0,SafeCast.toInt64
DA:1153,0
BRDA:1153,55,0,-
BRDA:1153,55,1,-
DA:1157,0
FN:1173,SafeCast.toInt56
FNDA:0,SafeCast.toInt56
DA:1174,0
BRDA:1174,56,0,-
BRDA:1174,56,1,-
DA:1178,0
FN:1194,SafeCast.toInt48
FNDA:0,SafeCast.toInt48
DA:1195,0
BRDA:1195,57,0,-
BRDA:1195,57,1,-
DA:1199,0
FN:1215,SafeCast.toInt40
FNDA:0,SafeCast.toInt40
DA:1216,0
BRDA:1216,58,0,-
BRDA:1216,58,1,-
DA:1220,0
FN:1236,SafeCast.toInt32
FNDA:0,SafeCast.toInt32
DA:1237,0
BRDA:1237,59,0,-
BRDA:1237,59,1,-
DA:1241,0
FN:1257,SafeCast.toInt24
FNDA:0,SafeCast.toInt24
DA:1258,0
BRDA:1258,60,0,-
BRDA:1258,60,1,-
DA:1262,0
FN:1278,SafeCast.toInt16
FNDA:0,SafeCast.toInt16
DA:1279,0
BRDA:1279,61,0,-
BRDA:1279,61,1,-
DA:1283,0
FN:1299,SafeCast.toInt8
FNDA:0,SafeCast.toInt8
DA:1300,0
BRDA:1300,62,0,-
BRDA:1300,62,1,-
DA:1304,0
FN:1316,SafeCast.toInt256
FNDA:0,SafeCast.toInt256
DA:1318,0
BRDA:1318,63,0,-
BRDA:1318,63,1,-
DA:1322,0
FNF:64
FNH:0
LF:128
LH:0
BRF:128
BRH:0
end_of_record
TN:
SF:contracts/libraries/Strings.sol
FN:16,Strings.toString
FNDA:0,Strings.toString
DA:20,0
BRDA:20,0,0,-
BRDA:20,0,1,-
DA:21,0
DA:23,0
DA:24,0
DA:25,0
DA:26,0
DA:27,0
DA:29,0
DA:30,0
DA:31,0
DA:32,0
DA:33,0
DA:35,0
FN:41,Strings.toHexString
FNDA:0,Strings.toHexString
DA:42,0
BRDA:42,1,0,-
BRDA:42,1,1,-
DA:43,0
DA:45,0
DA:46,0
DA:47,0
DA:48,0
DA:49,0
DA:51,0
FN:57,Strings.toHexString
FNDA:0,Strings.toHexString
DA:61,0
DA:62,0
DA:63,0
DA:64,0
DA:65,0
DA:66,0
DA:68,0
BRDA:68,2,0,-
BRDA:68,2,1,-
DA:69,0
FN:75,Strings.toHexString
FNDA:0,Strings.toHexString
DA:76,0
FNF:4
FNH:0
LF:30
LH:0
BRF:6
BRH:0
end_of_record
TN:
SF:contracts/logics/PoolLogic.sol
FN:22,PoolLogic.calculateParticipantFee
FNDA:0,PoolLogic.calculateParticipantFee
DA:26,0
BRDA:26,0,0,-
BRDA:26,0,1,-
DA:27,0
DA:28,0
FN:36,PoolLogic.validAmount
FNDA:0,PoolLogic.validAmount
DA:37,2
BRDA:37,1,0,-
BRDA:37,1,1,2
FN:44,PoolLogic.validAddress
FNDA:0,PoolLogic.validAddress
DA:45,1
BRDA:45,2,0,-
BRDA:45,2,1,1
FN:73,PoolLogic.verifyPoolInfo
FNDA:1,PoolLogic.verifyPoolInfo
DA:77,1
DA:80,1
BRDA:80,3,0,-
BRDA:80,3,1,1
DA:86,1
DA:87,1
BRDA:87,4,0,-
BRDA:87,4,1,1
DA:93,1
BRDA:93,5,0,-
BRDA:93,5,1,1
DA:98,1
BRDA:98,6,0,-
BRDA:98,6,1,1
DA:104,1
FNF:4
FNH:1
LF:12
LH:9
BRF:14
BRH:6
end_of_record
TN:
SF:contracts/logics/VestingLogic.sol
FN:10,VestingLogic.calculateClaimableAmount
FNDA:0,VestingLogic.calculateClaimableAmount
DA:19,0
BRDA:19,0,0,-
BRDA:19,0,1,-
DA:20,0
DA:22,0
DA:25,0
BRDA:25,1,0,-
BRDA:25,1,1,-
DA:26,0
DA:30,0
DA:33,0
BRDA:33,2,0,-
BRDA:33,2,1,-
DA:34,0
DA:38,0
DA:39,0
DA:40,0
FN:46,VestingLogic.verifyVestingInfo
FNDA:1,VestingLogic.verifyVestingInfo
DA:47,1
BRDA:47,3,0,-
BRDA:47,3,1,1
FNF:2
FNH:1
LF:12
LH:1
BRF:8
BRH:1
end_of_record
TN:
SF:contracts/mock/ERC20Token.sol
FN:9,ERC20Token.initialize
FNDA:0,ERC20Token.initialize
DA:14,0
DA:15,0
DA:17,0
FN:20,ERC20Token.mint
FNDA:0,ERC20Token.mint
DA:21,0
FN:24,ERC20Token.decimals
FNDA:0,ERC20Token.decimals
DA:25,0
FN:28,ERC20Token.setDecimals
FNDA:0,ERC20Token.setDecimals
DA:29,0
FN:32,ERC20Token.burn
FNDA:0,ERC20Token.burn
DA:33,0
FN:36,ERC20Token._approve
FNDA:0,ERC20Token._approve
DA:41,0
DA:43,0
BRDA:42,0,0,-
BRDA:42,0,1,-
DA:46,0
BRDA:46,1,0,-
BRDA:46,1,1,-
DA:51,0
FNF:6
FNH:0
LF:11
LH:0
BRF:4
BRH:0
end_of_record
TN:
SF:contracts/utils/AccessControl.sol
FN:77,AccessControl.supportsInterface
FNDA:0,AccessControl.supportsInterface
DA:80,0
DA:81,0
FN:88,AccessControl.hasRole
FNDA:2,AccessControl.hasRole
DA:92,18
FN:103,AccessControl._checkRole
FNDA:2,AccessControl._checkRole
DA:104,2
FN:114,AccessControl._checkRole
FNDA:2,AccessControl._checkRole
DA:115,2
BRDA:115,0,0,1
BRDA:115,0,1,1
DA:116,1
FN:135,AccessControl.getRoleAdmin
FNDA:0,AccessControl.getRoleAdmin
DA:138,9
FN:153,AccessControl.grantRole
FNDA:1,AccessControl.grantRole
DA:157,1
FN:171,AccessControl.revokeRole
FNDA:1,AccessControl.revokeRole
DA:175,0
FN:194,AccessControl.renounceRole
FNDA:0,AccessControl.renounceRole
DA:198,0
BRDA:198,1,0,-
BRDA:198,1,1,-
DA:203,0
FN:226,AccessControl._setupRole
FNDA:7,AccessControl._setupRole
DA:227,7
FN:235,AccessControl._setRoleAdmin
FNDA:7,AccessControl._setRoleAdmin
DA:236,7
DA:237,7
DA:238,7
FN:248,AccessControl._grantRole
FNDA:8,AccessControl._grantRole
DA:249,8
BRDA:249,2,0,8
BRDA:249,2,1,8
DA:250,8
DA:251,8
FN:262,AccessControl._revokeRole
FNDA:0,AccessControl._revokeRole
DA:263,0
BRDA:263,3,0,-
BRDA:263,3,1,-
DA:264,0
DA:265,0
FNF:12
FNH:8
LF:21
LH:13
BRF:8
BRH:4
end_of_record
TN:
SF:contracts/utils/Context.sol
FN:17,Context._msgSender
FNDA:25,Context._msgSender
DA:18,25
FN:21,Context._msgData
FNDA:0,Context._msgData
DA:22,0
FNF:2
FNH:1
LF:2
LH:1
BRF:0
BRH:0
end_of_record
TN:
SF:contracts/utils/ERC165.sol
FN:26,ERC165.supportsInterface
FNDA:0,ERC165.supportsInterface
DA:29,0
FNF:1
FNH:0
LF:1
LH:0
BRF:0
BRH:0
end_of_record
TN:
SF:contracts/utils/Pausable.sol
FN:64,Pausable.paused
FNDA:0,Pausable.paused
DA:65,0
FN:71,Pausable._requireNotPaused
FNDA:0,Pausable._requireNotPaused
DA:72,0
BRDA:72,0,0,-
BRDA:72,0,1,-
FN:78,Pausable._requirePaused
FNDA:0,Pausable._requirePaused
DA:79,0
BRDA:79,1,0,-
BRDA:79,1,1,-
FN:89,Pausable._pause
FNDA:0,Pausable._pause
DA:90,0
DA:91,0
FN:101,Pausable._unpause
FNDA:0,Pausable._unpause
DA:102,0
DA:103,0
FNF:5
FNH:0
LF:7
LH:0
BRF:4
BRH:0
end_of_record
TN:
SF:test/foundary/BaseTest.t.sol
FN:17,BaseTest.setUp
FNDA:0,BaseTest.setUp
FN:28,BaseTest._startImpersonation
FNDA:0,BaseTest._startImpersonation
DA:29,0
FN:32,BaseTest._startImpersonation
FNDA:0,BaseTest._startImpersonation
DA:33,0
BRDA:33,0,0,-
BRDA:33,0,1,-
DA:34,0
DA:36,0
DA:37,0
BRDA:37,1,0,-
BRDA:37,1,1,-
DA:38,0
DA:40,0
FN:46,BaseTest._stopImpersonation
FNDA:0,BaseTest._stopImpersonation
DA:47,0
DA:48,0
DA:49,0
BRDA:49,2,0,-
BRDA:49,2,1,-
DA:50,0
DA:51,0
BRDA:51,3,0,-
BRDA:51,3,1,-
DA:52,0
DA:54,0
FNF:4
FNH:0
LF:14
LH:0
BRF:8
BRH:0
end_of_record
